0 verbose cli /usr/local/bin/node /usr/local/bin/npm
1 info using npm@8.19.3
2 info using node@v17.9.1
3 timing npm:load:whichnode Completed in 0ms
4 timing config:load:defaults Completed in 2ms
5 timing config:load:file:/usr/local/lib/node_modules/npm/npmrc Completed in 2ms
6 timing config:load:builtin Completed in 2ms
7 timing config:load:cli Completed in 86ms
8 timing config:load:env Completed in 1ms
9 timing config:load:project Completed in 4ms
10 timing config:load:file:/home/container/.npmrc Completed in 0ms
11 timing config:load:user Completed in 0ms
12 timing config:load:file:/usr/local/etc/npmrc Completed in 0ms
13 timing config:load:global Completed in 0ms
14 timing config:load:validate Completed in 1ms
15 timing config:load:credentials Completed in 1ms
16 timing config:load:setEnvs Completed in 2ms
17 timing config:load Completed in 100ms
18 timing npm:load:configload Completed in 101ms
19 timing npm:load:mkdirpcache Completed in 1ms
20 timing npm:load:mkdirplogs Completed in 90ms
21 verbose title npm install
22 verbose argv "install"
23 timing npm:load:setTitle Completed in 2ms
24 timing config:load:flatten Completed in 5ms
25 timing npm:load:display Completed in 8ms
26 verbose logfile logs-max:10 dir:/home/container/.npm/_logs
27 verbose logfile /home/container/.npm/_logs/2022-12-28T21_07_37_384Z-debug-0.log
28 timing npm:load:logFile Completed in 92ms
29 timing npm:load:timers Completed in 0ms
30 timing npm:load:configScope Completed in 0ms
31 timing npm:load Completed in 295ms
32 timing arborist:ctor Completed in 1ms
33 silly logfile start cleaning logs, removing 1 files
34 silly logfile done cleaning log files
35 timing idealTree:init Completed in 794ms
36 timing idealTree:userRequests Completed in 1ms
37 silly idealTree buildDeps
38 timing idealTree:#root Completed in 1ms
39 timing idealTree:buildDeps Completed in 2ms
40 timing idealTree:fixDepFlags Completed in 0ms
41 warn EBADENGINE Unsupported engine {
41 warn EBADENGINE   package: 'GiveawayBot@3.0.0',
41 warn EBADENGINE   required: { node: '16.x' },
41 warn EBADENGINE   current: { node: 'v17.9.1', npm: '8.19.3' }
41 warn EBADENGINE }
42 timing idealTree Completed in 806ms
43 timing arborist:ctor Completed in 0ms
44 timing reify:loadTrees Completed in 1201ms
45 timing reify:diffTrees Completed in 95ms
46 silly reify moves {}
47 timing reify:retireShallow Completed in 99ms
48 timing reify:createSparse Completed in 0ms
49 timing reify:loadBundles Completed in 0ms
50 silly audit bulk request {
50 silly audit   '@discordjs/builders': [ '1.4.0' ],
50 silly audit   '@discordjs/collection': [ '1.3.0' ],
50 silly audit   '@discordjs/rest': [ '1.5.0' ],
50 silly audit   '@discordjs/util': [ '0.1.0' ],
50 silly audit   '@sapphire/async-queue': [ '1.5.0' ],
50 silly audit   '@sapphire/shapeshift': [ '3.8.1' ],
50 silly audit   '@sapphire/snowflake': [ '3.4.0' ],
50 silly audit   '@tokenizer/token': [ '0.3.0' ],
50 silly audit   '@types/node': [ '18.11.18' ],
50 silly audit   '@types/ws': [ '8.5.3' ],
50 silly audit   busboy: [ '1.6.0' ],
50 silly audit   'deepmerge-ts': [ '4.2.2' ],
50 silly audit   'discord-api-types': [ '0.37.24' ],
50 silly audit   'discord-giveaways': [ '6.0.1' ],
50 silly audit   'discord.js': [ '14.7.1' ],
50 silly audit   'fast-deep-equal': [ '3.1.3' ],
50 silly audit   'file-type': [ '18.0.0' ],
50 silly audit   ieee754: [ '1.2.1' ],
50 silly audit   inherits: [ '2.0.4' ],
50 silly audit   lodash: [ '4.17.21' ],
50 silly audit   'lodash.snakecase': [ '4.1.1' ],
50 silly audit   moment: [ '2.29.4' ],
50 silly audit   'moment-duration-format': [ '2.3.2' ],
50 silly audit   ms: [ '3.0.0-canary.1' ],
50 silly audit   node: [ '16.19.0' ],
50 silly audit   'node-bin-setup': [ '1.1.3' ],
50 silly audit   parsec: [ '2.0.2' ],
50 silly audit   'peek-readable': [ '5.0.0' ],
50 silly audit   randombytes: [ '2.1.0' ],
50 silly audit   'readable-stream': [ '3.6.0' ],
50 silly audit   'readable-web-to-node-stream': [ '3.0.2' ],
50 silly audit   'safe-buffer': [ '5.2.1' ],
50 silly audit   'serialize-javascript': [ '6.0.0' ],
50 silly audit   streamsearch: [ '1.1.0' ],
50 silly audit   string_decoder: [ '1.3.0' ],
50 silly audit   strtok3: [ '7.0.0' ],
50 silly audit   'token-types': [ '5.0.1' ],
50 silly audit   'ts-mixer': [ '6.0.2' ],
50 silly audit   tslib: [ '2.4.1' ],
50 silly audit   undici: [ '5.14.0' ],
50 silly audit   'util-deprecate': [ '1.0.2' ],
50 silly audit   ws: [ '8.11.0' ]
50 silly audit }
51 timing reify:unpack Completed in 5ms
52 timing reify:unretire Completed in 0ms
53 timing build:queue Completed in 0ms
54 timing build:deps Completed in 1ms
55 timing build Completed in 1ms
56 timing reify:build Completed in 2ms
57 timing reify:trash Completed in 0ms
58 timing reify:save Completed in 205ms
59 http fetch POST 200 https://registry.npmjs.org/-/npm/v1/security/advisories/bulk 1308ms
60 timing auditReport:getReport Completed in 1437ms
61 silly audit report {}
62 timing auditReport:init Completed in 0ms
63 timing reify:audit Completed in 1439ms
64 timing reify Completed in 2998ms
65 timing command:install Completed in 3191ms
66 verbose exit 0
67 timing npm Completed in 4799ms
68 info ok
