0 verbose cli /usr/local/bin/node /usr/local/bin/npm
1 info using npm@8.19.3
2 info using node@v17.9.1
3 timing npm:load:whichnode Completed in 0ms
4 timing config:load:defaults Completed in 3ms
5 timing config:load:file:/usr/local/lib/node_modules/npm/npmrc Completed in 91ms
6 timing config:load:builtin Completed in 91ms
7 timing config:load:cli Completed in 3ms
8 timing config:load:env Completed in 2ms
9 timing config:load:file:/home/container/node_modules/node/.npmrc Completed in 1ms
10 timing config:load:project Completed in 298ms
11 timing config:load:file:/home/container/.npmrc Completed in 1ms
12 timing config:load:user Completed in 1ms
13 timing config:load:file:/usr/local/etc/npmrc Completed in 1ms
14 timing config:load:global Completed in 1ms
15 timing config:load:validate Completed in 1ms
16 timing config:load:credentials Completed in 2ms
17 timing config:load:setEnvs Completed in 2ms
18 timing config:load Completed in 405ms
19 timing npm:load:configload Completed in 406ms
20 timing npm:load:mkdirpcache Completed in 2ms
21 timing npm:load:mkdirplogs Completed in 1ms
22 verbose title npm install node-linux-x64@16.19.0
23 verbose argv "install" "--no-save" "node-linux-x64@16.19.0"
24 timing npm:load:setTitle Completed in 2ms
25 timing config:load:flatten Completed in 85ms
26 timing npm:load:display Completed in 88ms
27 verbose logfile logs-max:10 dir:/home/container/.npm/_logs
28 verbose logfile /home/container/.npm/_logs/2022-12-29T15_27_59_983Z-debug-0.log
29 timing npm:load:logFile Completed in 97ms
30 timing npm:load:timers Completed in 0ms
31 timing npm:load:configScope Completed in 1ms
32 timing npm:load Completed in 599ms
33 timing arborist:ctor Completed in 2ms
34 silly logfile start cleaning logs, removing 1 files
35 silly logfile done cleaning log files
36 timing arborist:ctor Completed in 0ms
37 timing idealTree:init Completed in 203ms
38 timing idealTree:userRequests Completed in 94ms
39 silly idealTree buildDeps
40 silly fetch manifest node-bin-setup@^1.0.0
41 http fetch GET 200 https://registry.npmjs.org/node-bin-setup 1295ms (cache revalidated)
42 silly fetch manifest node-linux-x64@16.19.0
43 http fetch GET 200 https://registry.npmjs.org/node-linux-x64 197ms (cache revalidated)
44 silly placeDep ROOT node-bin-setup@1.1.3 OK for: node@16.19.0 want: ^1.0.0
45 silly placeDep ROOT node-linux-x64@16.19.0 OK for: node@16.19.0 want: 16.19.0
46 timing idealTree:#root Completed in 1602ms
47 timing idealTree:node_modules/node-bin-setup Completed in 0ms
48 timing idealTree:node_modules/node-linux-x64 Completed in 0ms
49 timing idealTree:buildDeps Completed in 1606ms
50 timing idealTree:fixDepFlags Completed in 0ms
51 timing idealTree Completed in 1906ms
52 timing reify:loadTrees Completed in 1907ms
53 timing reify:diffTrees Completed in 89ms
54 silly reify moves {}
55 timing reify:retireShallow Completed in 2ms
56 timing reify:createSparse Completed in 2ms
57 timing reify:loadBundles Completed in 0ms
58 silly audit bulk request { 'node-bin-setup': [ '1.1.3' ], 'node-linux-x64': [ '16.19.0' ] }
59 http fetch POST 200 https://registry.npmjs.org/-/npm/v1/security/advisories/bulk 9389ms
60 timing auditReport:getReport Completed in 9394ms
61 silly audit report {}
62 timing auditReport:init Completed in 0ms
63 timing reify:audit Completed in 9493ms
64 timing reifyNode:node_modules/node-bin-setup Completed in 9403ms
65 timing reifyNode:node_modules/node-linux-x64 Completed in 26210ms
66 timing reify:unpack Completed in 26295ms
67 timing reify:unretire Completed in 88ms
68 timing build:queue Completed in 1ms
69 timing build:link:node_modules/node-linux-x64 Completed in 6ms
70 timing build:link Completed in 6ms
71 timing build:deps Completed in 11ms
72 timing build Completed in 12ms
73 timing reify:build Completed in 13ms
74 timing reify:trash Completed in 0ms
75 timing reify Completed in 28598ms
76 silly ADD node_modules/node-linux-x64
77 silly ADD node_modules/node-bin-setup
78 timing command:install Completed in 28607ms
79 verbose exit 0
80 timing npm Completed in 30789ms
81 info ok
