0 verbose cli /usr/local/bin/node /usr/local/bin/npm
1 info using npm@8.19.3
2 info using node@v17.9.1
3 timing npm:load:whichnode Completed in 0ms
4 timing config:load:defaults Completed in 4ms
5 timing config:load:file:/usr/local/lib/node_modules/npm/npmrc Completed in 1ms
6 timing config:load:builtin Completed in 2ms
7 timing config:load:cli Completed in 2ms
8 timing config:load:env Completed in 1ms
9 timing config:load:project Completed in 101ms
10 timing config:load:file:/home/container/.npmrc Completed in 96ms
11 timing config:load:user Completed in 97ms
12 timing config:load:file:/usr/local/etc/npmrc Completed in 1ms
13 timing config:load:global Completed in 1ms
14 timing config:load:validate Completed in 0ms
15 timing config:load:credentials Completed in 1ms
16 timing config:load:setEnvs Completed in 2ms
17 timing config:load Completed in 301ms
18 timing npm:load:configload Completed in 302ms
19 timing npm:load:mkdirpcache Completed in 2ms
20 timing npm:load:mkdirplogs Completed in 1ms
21 verbose title npm install
22 verbose argv "install"
23 timing npm:load:setTitle Completed in 2ms
24 timing config:load:flatten Completed in 6ms
25 timing npm:load:display Completed in 98ms
26 verbose logfile logs-max:10 dir:/home/container/.npm/_logs
27 verbose logfile /home/container/.npm/_logs/2022-12-29T15_27_50_287Z-debug-0.log
28 timing npm:load:logFile Completed in 95ms
29 timing npm:load:timers Completed in 0ms
30 timing npm:load:configScope Completed in 0ms
31 timing npm:load Completed in 501ms
32 timing arborist:ctor Completed in 4ms
33 silly logfile start cleaning logs, removing 1 files
34 silly logfile done cleaning log files
35 timing idealTree:init Completed in 798ms
36 timing idealTree:userRequests Completed in 0ms
37 silly idealTree buildDeps
38 timing idealTree:#root Completed in 1ms
39 timing idealTree:buildDeps Completed in 3ms
40 timing idealTree:fixDepFlags Completed in 0ms
41 warn EBADENGINE Unsupported engine {
41 warn EBADENGINE   package: 'GiveawayBot@3.0.0',
41 warn EBADENGINE   required: { node: '16.x' },
41 warn EBADENGINE   current: { node: 'v17.9.1', npm: '8.19.3' }
41 warn EBADENGINE }
42 timing idealTree Completed in 896ms
43 verbose shrinkwrap failed to load node_modules/.package-lock.json out of date, updated: node_modules
44 timing reify:loadTrees Completed in 1693ms
45 timing reify:diffTrees Completed in 7ms
46 silly reify mark retired [
46 silly reify   '/home/container/node_modules/node',
46 silly reify   '/home/container/node_modules/.bin/node'
46 silly reify ]
47 silly reify moves {
47 silly reify   '/home/container/node_modules/node': '/home/container/node_modules/.node-xQWcBWac',
47 silly reify   '/home/container/node_modules/.bin/node': '/home/container/node_modules/.bin/.node-xeHKn4se'
47 silly reify }
48 timing reify:retireShallow Completed in 96ms
49 timing reify:createSparse Completed in 1ms
50 timing reify:loadBundles Completed in 0ms
51 silly audit bulk request {
51 silly audit   '@discordjs/builders': [ '1.4.0' ],
51 silly audit   '@discordjs/collection': [ '1.3.0' ],
51 silly audit   '@discordjs/rest': [ '1.5.0' ],
51 silly audit   '@discordjs/util': [ '0.1.0' ],
51 silly audit   '@sapphire/async-queue': [ '1.5.0' ],
51 silly audit   '@sapphire/shapeshift': [ '3.8.1' ],
51 silly audit   '@sapphire/snowflake': [ '3.4.0' ],
51 silly audit   '@tokenizer/token': [ '0.3.0' ],
51 silly audit   '@types/node': [ '18.11.18' ],
51 silly audit   '@types/ws': [ '8.5.3' ],
51 silly audit   busboy: [ '1.6.0' ],
51 silly audit   'deepmerge-ts': [ '4.2.2' ],
51 silly audit   'discord-api-types': [ '0.37.24' ],
51 silly audit   'discord-giveaways': [ '6.0.1' ],
51 silly audit   'discord.js': [ '14.7.1' ],
51 silly audit   'fast-deep-equal': [ '3.1.3' ],
51 silly audit   'file-type': [ '18.0.0' ],
51 silly audit   ieee754: [ '1.2.1' ],
51 silly audit   inherits: [ '2.0.4' ],
51 silly audit   lodash: [ '4.17.21' ],
51 silly audit   'lodash.snakecase': [ '4.1.1' ],
51 silly audit   moment: [ '2.29.4' ],
51 silly audit   'moment-duration-format': [ '2.3.2' ],
51 silly audit   ms: [ '3.0.0-canary.1' ],
51 silly audit   node: [ '16.19.0' ],
51 silly audit   'node-bin-setup': [ '1.1.3' ],
51 silly audit   parsec: [ '2.0.2' ],
51 silly audit   'peek-readable': [ '5.0.0' ],
51 silly audit   randombytes: [ '2.1.0' ],
51 silly audit   'readable-stream': [ '3.6.0' ],
51 silly audit   'readable-web-to-node-stream': [ '3.0.2' ],
51 silly audit   'safe-buffer': [ '5.2.1' ],
51 silly audit   'serialize-javascript': [ '6.0.0' ],
51 silly audit   streamsearch: [ '1.1.0' ],
51 silly audit   string_decoder: [ '1.3.0' ],
51 silly audit   strtok3: [ '7.0.0' ],
51 silly audit   'token-types': [ '5.0.1' ],
51 silly audit   'ts-mixer': [ '6.0.2' ],
51 silly audit   tslib: [ '2.4.1' ],
51 silly audit   undici: [ '5.14.0' ],
51 silly audit   'util-deprecate': [ '1.0.2' ],
51 silly audit   ws: [ '8.11.0' ]
51 silly audit }
52 timing reifyNode:node_modules/node Completed in 804ms
53 timing reify:unpack Completed in 805ms
54 timing reify:unretire Completed in 0ms
55 timing build:queue Completed in 91ms
56 info run node@16.19.0 preinstall node_modules/node node installArchSpecificPackage
57 http fetch POST 200 https://registry.npmjs.org/-/npm/v1/security/advisories/bulk 2801ms
58 timing auditReport:getReport Completed in 2895ms
59 silly audit report {}
60 timing auditReport:init Completed in 0ms
61 timing reify:audit Completed in 2896ms
62 info run node@16.19.0 preinstall { code: 0, signal: null }
63 timing build:run:preinstall:node_modules/node Completed in 36196ms
64 timing build:run:preinstall Completed in 36197ms
65 timing build:link:node_modules/node Completed in 9ms
66 timing build:link Completed in 9ms
67 timing build:deps Completed in 36298ms
68 timing build Completed in 36298ms
69 timing reify:build Completed in 36299ms
70 timing reify:trash Completed in 195ms
71 timing reify:save Completed in 301ms
72 timing reify Completed in 39797ms
73 silly CHANGE node_modules/node
74 timing command:install Completed in 39903ms
75 verbose exit 0
76 timing npm Completed in 41412ms
77 info ok
